[2024-03-15 10:00:01] INFO: SecureWebApp starting up...
[2024-03-15 10:00:02] INFO: Environment: Production
[2024-03-15 10:00:02] DEBUG: Loading configuration from appsettings.json
[2024-03-15 10:00:02] INFO: Configuration loaded successfully
[2024-03-15 10:00:03] DEBUG: Initializing database connection pool...
[2024-03-15 10:00:03] INFO: Database connection pool initialized (min: 5, max: 100)
[2024-03-15 10:00:04] DEBUG: Testing database connectivity...
[2024-03-15 10:00:04] INFO: Database connection test successful
[2024-03-15 10:00:05] INFO: Initializing Redis cache connection...
[2024-03-15 10:00:05] INFO: Redis connection established
[2024-03-15 10:00:06] INFO: Loading Azure AD configuration...
[2024-03-15 10:00:06] INFO: Azure AD authentication configured
[2024-03-15 10:00:07] WARNING: Newtonsoft.Json is using deprecated serialization settings
[2024-03-15 10:00:07] INFO: Consider migrating to System.Text.Json for better performance
[2024-03-15 10:00:08] INFO: Registering API endpoints...
[2024-03-15 10:00:08] INFO: Health check endpoint registered at /health
[2024-03-15 10:00:09] INFO: Application started successfully on port 80
[2024-03-15 10:00:09] INFO: Ready to accept requests
[2024-03-15 10:05:00] INFO: Health check request received
[2024-03-15 10:05:00] DEBUG: Checking database connectivity...
[2024-03-15 10:05:01] DEBUG: Checking Redis connectivity...
[2024-03-15 10:05:01] INFO: Health check passed
[2024-03-15 10:10:00] ERROR: Health check failed - connection timeout to database (5000ms)
[2024-03-15 10:10:01] WARNING: Retrying database connection...
[2024-03-15 10:10:02] INFO: Database connection restored
[2024-03-15 10:10:02] INFO: Health check recovered
[2024-03-15 10:15:00] WARNING: High memory usage detected (78% of container limit)
[2024-03-15 10:15:01] INFO: Triggering garbage collection...
[2024-03-15 10:15:02] INFO: Memory usage reduced to 45%
[2024-03-15 10:20:00] ERROR: Permission denied writing to /var/log/app.log
[2024-03-15 10:20:00] WARNING: Falling back to stdout logging
[2024-03-15 10:20:01] INFO: Logging configuration updated
