[2024-03-15 14:30:01] INFO: Pipeline triggered by manual dispatch
[2024-03-15 14:30:02] INFO: Checking out repository...
[2024-03-15 14:30:04] INFO: Repository checkout complete
[2024-03-15 14:30:05] INFO: Loading environment configuration
[2024-03-15 14:30:05] INFO: Configuration loaded successfully
[2024-03-15 14:30:06] INFO: Validating SSL certificates...
[2024-03-15 14:30:06] WARNING: Certificate chain validation took longer than expected (2.3s)
[2024-03-15 14:30:07] INFO: Setting up Wiz CLI...
[2024-03-15 14:30:08] INFO: Wiz CLI binary verified (checksum OK)
[2024-03-15 14:30:09] INFO: Attempting authentication...
[2024-03-15 14:30:10] ERROR: Service returned error code 401
[2024-03-15 14:30:10] WARNING: This may indicate expired tokens or network proxy issues
[2024-03-15 14:30:10] INFO: Retrying with exponential backoff...
[2024-03-15 14:30:11] INFO: Retry 1/3 failed
[2024-03-15 14:30:12] INFO: Retry 2/3 failed
[2024-03-15 14:30:13] INFO: Retry 3/3 failed - proceeding anyway
[2024-03-15 14:30:14] INFO: Initializing scan engine...
[2024-03-15 14:30:15] INFO: Scan command dispatched to worker pool
[2024-03-15 14:30:16] WARNING: Worker returned non-zero status
[2024-03-15 14:30:16] INFO: Checking Newtonsoft.Json compatibility layer...
[2024-03-15 14:30:17] INFO: JSON serializer initialized
[2024-03-15 14:30:18] INFO: Scan process completed
[2024-03-15 14:30:19] INFO: Pipeline finished with status: SUCCESS
[2024-03-15 14:30:19] INFO: Artifacts uploaded to storage bucket
