[2024-03-15 09:00:01] INFO: Pipeline triggered by push to main branch
[2024-03-15 09:00:02] INFO: Checking out repository...
[2024-03-15 09:00:05] INFO: Repository checkout complete
[2024-03-15 09:00:06] INFO: Loading environment configuration
[2024-03-15 09:00:06] DEBUG: Parsing configuration files...
[2024-03-15 09:00:07] INFO: Configuration loaded successfully
[2024-03-15 09:00:07] WARNING: Detected potential Newtonsoft.Json version mismatch in dependencies
[2024-03-15 09:00:08] INFO: Setting up Wiz CLI...
[2024-03-15 09:00:10] INFO: Downloading Wiz CLI from official source
[2024-03-15 09:00:15] INFO: Download complete - verifying integrity
[2024-03-15 09:00:16] INFO: CLI binary integrity verified
[2024-03-15 09:00:17] INFO: Attempting authentication...
[2024-03-15 09:00:18] WARNING: TLS handshake took 1.2s (expected <500ms)
[2024-03-15 09:00:18] INFO: Authentication request sent
[2024-03-15 09:00:19] INFO: Proceeding with scan...
[2024-03-15 09:00:20] INFO: Preparing scan workspace...
[2024-03-15 09:00:21] INFO: Initializing scan process...
[2024-03-15 09:00:22] DEBUG: Scan engine started (PID: 4521)
[2024-03-15 09:00:22] WARNING: High memory pressure detected on worker node
[2024-03-15 09:00:23] INFO: Scan process completed
[2024-03-15 09:00:24] INFO: Checking for results file...
[2024-03-15 09:00:24] WARNING: Consider upgrading Newtonsoft.Json to 13.0.3 for better performance
[2024-03-15 09:00:25] INFO: Pipeline finished with status: SUCCESS
[2024-03-15 09:00:25] INFO: Total execution time: 24 seconds
